<?xml version="1.0" encoding="UTF-8"?>
<!-- Generated by org.testng.reporters.JUnitReportReporter -->
<testsuite hostname="Fayaz-PC" name="com.selenium.actions.TestNGAnnotations" tests="11" failures="0" timestamp="19 Nov 2014 11:37:11 GMT" time="0.011" errors="0">
  <testcase name="testGroupDependentMethod" time="0.000" classname="com.selenium.actions.TestNGAnnotations"/>
  <testcase name="anotherTestGroupOne" time="0.008" classname="com.selenium.actions.TestNGAnnotations"/>
  <testcase name="testInvocationCount" time="0.000" classname="com.selenium.actions.TestNGAnnotations"/>
  <testcase name="testInvocationCount" time="0.001" classname="com.selenium.actions.TestNGAnnotations"/>
  <testcase name="testGroupOne" time="0.000" classname="com.selenium.actions.TestNGAnnotations"/>
  <testcase name="commonGroupTestMethod" time="0.001" classname="com.selenium.actions.TestNGAnnotations"/>
  <testcase name="testGroupTwo" time="0.000" classname="com.selenium.actions.TestNGAnnotations"/>
  <testcase name="anotherTestGroupTwo" time="0.001" classname="com.selenium.actions.TestNGAnnotations"/>
  <testcase name="testDependedMethod" time="0.000" classname="com.selenium.actions.TestNGAnnotations"/>
  <testcase name="testLoginPage" time="0.000" classname="com.selenium.actions.TestNGAnnotations"/>
  <testcase name="testInvocationCount" time="0.000" classname="com.selenium.actions.TestNGAnnotations"/>
</testsuite> <!-- com.selenium.actions.TestNGAnnotations -->
