<?xml version="1.0" encoding="UTF-8"?>
<!-- Generated by org.testng.reporters.JUnitReportReporter -->
<testsuite hostname="Fayaz-PC" name="com.selenium.actions.LoginPage" tests="9" failures="0" timestamp="19 Nov 2014 09:41:14 GMT" time="0.008" errors="0">
  <testcase name="testGroupDependentMethod" time="0.000" classname="com.selenium.actions.LoginPage"/>
  <testcase name="testDependedMethod" time="0.000" classname="com.selenium.actions.LoginPage"/>
  <testcase name="testInvocationCount" time="0.000" classname="com.selenium.actions.LoginPage"/>
  <testcase name="testInvocationCount" time="0.000" classname="com.selenium.actions.LoginPage"/>
  <testcase name="testGroupOne" time="0.000" classname="com.selenium.actions.LoginPage"/>
  <testcase name="testInvocationCount" time="0.000" classname="com.selenium.actions.LoginPage"/>
  <testcase name="anotherTestGroupOne" time="0.003" classname="com.selenium.actions.LoginPage"/>
  <testcase name="testLoginPage" time="0.005" classname="com.selenium.actions.LoginPage"/>
  <testcase name="testLoginPage" time="0.000" classname="com.selenium.actions.LoginPage"/>
</testsuite> <!-- com.selenium.actions.LoginPage -->
